\BOOKMARK [0][-]{section*.1}{Contents}{}% 1
\BOOKMARK [0][-]{chapter.1}{Introduction}{}% 2
\BOOKMARK [0][-]{chapter.2}{Hackathons}{}% 3
\BOOKMARK [1][-]{section.2.1}{What is it ?}{chapter.2}% 4
\BOOKMARK [1][-]{section.2.2}{How it works ?}{chapter.2}% 5
\BOOKMARK [1][-]{section.2.3}{The follow up of the hackathons}{chapter.2}% 6
\BOOKMARK [1][-]{section.2.4}{Summarize experience of hackathons / personal point of view}{chapter.2}% 7
\BOOKMARK [0][-]{chapter.3}{Summer School}{}% 8
\BOOKMARK [1][-]{section.3.1}{Summer school projects}{chapter.3}% 9
\BOOKMARK [1][-]{section.3.2}{Summer school teams}{chapter.3}% 10
\BOOKMARK [1][-]{section.3.3}{Summer school documentation}{chapter.3}% 11
\BOOKMARK [0][-]{chapter.4}{SDG in Progress}{}% 12
\BOOKMARK [1][-]{section.4.1}{What is it ?}{chapter.4}% 13
\BOOKMARK [1][-]{section.4.2}{Technical installation}{chapter.4}% 14
\BOOKMARK [1][-]{section.4.3}{Adapting SDG in Progress}{chapter.4}% 15
\BOOKMARK [1][-]{section.4.4}{Why use of SDG in Progress}{chapter.4}% 16
\BOOKMARK [1][-]{section.4.5}{Comparision with other platforms}{chapter.4}% 17
\BOOKMARK [0][-]{chapter.5}{RoboDoc}{}% 18
\BOOKMARK [1][-]{section.5.1}{The concept of the robot Assistant}{chapter.5}% 19
\BOOKMARK [1][-]{section.5.2}{How it work}{chapter.5}% 20
\BOOKMARK [2][-]{subsection.5.2.1}{Experience 1 }{section.5.2}% 21
\BOOKMARK [2][-]{subsection.5.2.2}{Experience 2 }{section.5.2}% 22
\BOOKMARK [2][-]{subsection.5.2.3}{findings}{section.5.2}% 23
\BOOKMARK [0][-]{chapter.6}{Intencive of writing}{}% 24
\BOOKMARK [1][-]{section.6.1}{Why documenting ?}{chapter.6}% 25
\BOOKMARK [1][-]{section.6.2}{Why it is important ?}{chapter.6}% 26
\BOOKMARK [1][-]{section.6.3}{How to motivate people to write ?}{chapter.6}% 27
\BOOKMARK [0][-]{chapter.7}{Conclusion}{}% 28
\BOOKMARK [0][-]{appendix.A}{Dummy Appendix}{}% 29
\BOOKMARK [0][-]{section*.5}{Bibliography}{}% 30
